2026-07-18 21:59:49 | INFO    | src.main:lifespan:19 - 系统冷启动：执行持久化与本地权重环境自检...
2026-07-18 21:59:49 | INFO    | src.ocr.ocr_engine:check_and_download_models:20 - 启动基于 Hugging Face 官方 SDK 的 PP-OCRv6 权重环境自检...
2026-07-18 21:59:49 | INFO    | src.ocr.ocr_engine:check_and_download_models:58 - 权重自检通过: PP-OCRv6_medium_det_infer.onnx
2026-07-18 21:59:49 | INFO    | src.ocr.ocr_engine:check_and_download_models:58 - 权重自检通过: PP-OCRv6_medium_rec_infer.onnx
2026-07-18 21:59:49 | INFO    | src.main:lifespan:23 - 系统自检结束：卡证 OCR 环境正常。
2026-07-18 21:59:49 | INFO    | src.main:lifespan:27 - 正在预热 OCR 推理引擎...
2026-07-18 21:59:49 | INFO    | src.ocr.ocr_engine:check_and_download_models:20 - 启动基于 Hugging Face 官方 SDK 的 PP-OCRv6 权重环境自检...
2026-07-18 21:59:49 | INFO    | src.ocr.ocr_engine:check_and_download_models:58 - 权重自检通过: PP-OCRv6_medium_det_infer.onnx
2026-07-18 21:59:49 | INFO    | src.ocr.ocr_engine:check_and_download_models:58 - 权重自检通过: PP-OCRv6_medium_rec_infer.onnx
2026-07-18 21:59:50 | INFO    | src.tasks.ocr_worker:get_ocr_worker_engine:44 - 系统检测到 Hugging Face 权重完备，正在进行纯离线引擎注入...
2026-07-18 21:59:50 | INFO    | src.tasks.ocr_worker:get_ocr_worker_engine:51 - 本地 RapidOCR 推理引擎基于 Hugging Face 源初始化成功！
2026-07-18 21:59:52 | INFO    | src.main:lifespan:30 - OCR 推理引擎预热完成，服务已就绪。
2026-07-18 21:59:52 | INFO    | src.tasks.ocr_worker:ocr_worker_thread:273 - OCR Worker 线程启动
2026-07-18 21:59:52 | INFO    | src.tasks.ocr_worker:start_workers:325 - OCR Worker 线程 0 已启动
2026-07-18 21:59:52 | INFO    | src.tasks.ocr_worker:start_workers:325 - OCR Worker 线程 1 已启动
2026-07-18 21:59:52 | INFO    | src.tasks.ocr_worker:ocr_worker_thread:273 - OCR Worker 线程启动
2026-07-18 21:59:52 | INFO    | src.main:lifespan:36 - OCR worker 线程池已启动（2 workers）。
2026-07-18 22:01:54 | INFO    | src.api.router:submit_row:58 - 任务已入队: 1784383310749_zykdscsf.png (batch=99d5d6b9-75bc-476e-afb2-817880aecca4, row=0, slot=0)
2026-07-18 22:01:54 | INFO    | src.tasks.ocr_worker:ocr_worker_thread:278 - 处理任务: 1784383310749_zykdscsf.png (batch=99d5d6b9-75bc-476e-afb2-817880aecca4, row=0)
2026-07-18 22:01:59 | INFO    | src.ocr.card_detector:detect_regions:69 - 卡证检测：文本框中位高度 24.0px, 聚类半径 eps=60.0px
2026-07-18 22:01:59 | INFO    | src.tasks.ocr_worker:_detect_and_parse_cards:109 - 全局只对应 1 种已知卡证类型，按单卡处理
2026-07-18 22:01:59 | INFO    | src.tasks.ocr_worker:ocr_worker_thread:314 - 任务完成: 1784383310749_zykdscsf.png (status=completed, cards=1)
2026-07-18 22:02:00 | INFO    | src.api.router:event_generator:119 - SSE 流关闭: batch=99d5d6b9-75bc-476e-afb2-817880aecca4 (completed)
2026-07-18 22:11:42 | INFO    | src.main:lifespan:19 - 系统冷启动：执行持久化与本地权重环境自检...
2026-07-18 22:11:42 | INFO    | src.ocr.ocr_engine:check_and_download_models:20 - 启动基于 Hugging Face 官方 SDK 的 PP-OCRv6 权重环境自检...
2026-07-18 22:11:42 | INFO    | src.ocr.ocr_engine:check_and_download_models:58 - 权重自检通过: PP-OCRv6_medium_det_infer.onnx
2026-07-18 22:11:42 | INFO    | src.ocr.ocr_engine:check_and_download_models:58 - 权重自检通过: PP-OCRv6_medium_rec_infer.onnx
2026-07-18 22:11:42 | INFO    | src.main:lifespan:23 - 系统自检结束：卡证 OCR 环境正常。
2026-07-18 22:11:42 | INFO    | src.main:lifespan:27 - 正在预热 OCR 推理引擎...
2026-07-18 22:11:42 | INFO    | src.ocr.ocr_engine:check_and_download_models:20 - 启动基于 Hugging Face 官方 SDK 的 PP-OCRv6 权重环境自检...
2026-07-18 22:11:42 | INFO    | src.ocr.ocr_engine:check_and_download_models:58 - 权重自检通过: PP-OCRv6_medium_det_infer.onnx
2026-07-18 22:11:42 | INFO    | src.ocr.ocr_engine:check_and_download_models:58 - 权重自检通过: PP-OCRv6_medium_rec_infer.onnx
2026-07-18 22:11:42 | INFO    | src.tasks.ocr_worker:get_ocr_worker_engine:44 - 系统检测到 Hugging Face 权重完备，正在进行纯离线引擎注入...
2026-07-18 22:11:43 | INFO    | src.tasks.ocr_worker:get_ocr_worker_engine:51 - 本地 RapidOCR 推理引擎基于 Hugging Face 源初始化成功！
2026-07-18 22:11:45 | INFO    | src.main:lifespan:30 - OCR 推理引擎预热完成，服务已就绪。
2026-07-18 22:11:45 | INFO    | src.tasks.ocr_worker:start_workers:325 - OCR Worker 线程 0 已启动
2026-07-18 22:11:45 | INFO    | src.tasks.ocr_worker:ocr_worker_thread:273 - OCR Worker 线程启动
2026-07-18 22:11:45 | INFO    | src.tasks.ocr_worker:start_workers:325 - OCR Worker 线程 1 已启动
2026-07-18 22:11:45 | INFO    | src.main:lifespan:36 - OCR worker 线程池已启动(2 workers)。
2026-07-18 22:11:45 | INFO    | src.tasks.ocr_worker:ocr_worker_thread:273 - OCR Worker 线程启动
2026-07-18 22:12:24 | INFO    | src.api.router:submit_row:57 - 任务已入队: 1784383942245_hmjzhwik.png (batch=903bbff7-9c0a-48e7-8076-92d92ed0be10, row=0, slot=0)
2026-07-18 22:12:24 | INFO    | src.tasks.ocr_worker:ocr_worker_thread:278 - 处理任务: 1784383942245_hmjzhwik.png (batch=903bbff7-9c0a-48e7-8076-92d92ed0be10, row=0)
2026-07-18 22:12:29 | INFO    | src.ocr.card_detector:detect_regions:69 - 卡证检测：文本框中位高度 24.0px, 聚类半径 eps=60.0px
2026-07-18 22:12:29 | INFO    | src.tasks.ocr_worker:_detect_and_parse_cards:109 - 全局只对应 1 种已知卡证类型，按单卡处理
2026-07-18 22:12:29 | INFO    | src.tasks.ocr_worker:ocr_worker_thread:314 - 任务完成: 1784383942245_hmjzhwik.png (status=completed, cards=1)
2026-07-18 22:12:29 | INFO    | src.api.router:event_generator:118 - SSE 流关闭: batch=903bbff7-9c0a-48e7-8076-92d92ed0be10 (completed)
2026-07-18 22:13:47 | INFO    | src.api.router:submit_row:57 - 任务已入队: 1784384024903_tggftn3c.png (batch=6c0975e2-c3b0-44ab-b96b-ab623faef26d, row=0, slot=0)
2026-07-18 22:13:47 | INFO    | src.tasks.ocr_worker:ocr_worker_thread:278 - 处理任务: 1784384024903_tggftn3c.png (batch=6c0975e2-c3b0-44ab-b96b-ab623faef26d, row=0)
2026-07-18 22:13:51 | INFO    | src.ocr.card_detector:detect_regions:69 - 卡证检测：文本框中位高度 24.0px, 聚类半径 eps=60.0px
2026-07-18 22:13:51 | INFO    | src.tasks.ocr_worker:_detect_and_parse_cards:109 - 全局只对应 1 种已知卡证类型，按单卡处理
2026-07-18 22:13:51 | INFO    | src.tasks.ocr_worker:ocr_worker_thread:314 - 任务完成: 1784384024903_tggftn3c.png (status=completed, cards=1)
2026-07-18 22:13:51 | INFO    | src.api.router:event_generator:118 - SSE 流关闭: batch=6c0975e2-c3b0-44ab-b96b-ab623faef26d (completed)
2026-07-18 22:22:37 | INFO    | src.api.router:submit_row:57 - 任务已入队: 1784384551387_g1038fw5.png (batch=96d4b803-d3e9-468b-8efa-f1d02cf0a672, row=0, slot=0)
2026-07-18 22:22:37 | INFO    | src.tasks.ocr_worker:ocr_worker_thread:278 - 处理任务: 1784384551387_g1038fw5.png (batch=96d4b803-d3e9-468b-8efa-f1d02cf0a672, row=0)
2026-07-18 22:22:37 | INFO    | src.api.router:submit_row:57 - 任务已入队: 1784384555048_v2145v5c.png (batch=96d4b803-d3e9-468b-8efa-f1d02cf0a672, row=0, slot=1)
2026-07-18 22:22:37 | INFO    | src.tasks.ocr_worker:ocr_worker_thread:278 - 处理任务: 1784384555048_v2145v5c.png (batch=96d4b803-d3e9-468b-8efa-f1d02cf0a672, row=0)
2026-07-18 22:22:44 | INFO    | src.ocr.card_detector:detect_regions:69 - 卡证检测：文本框中位高度 39.5px, 聚类半径 eps=98.8px
2026-07-18 22:22:44 | INFO    | src.tasks.ocr_worker:_detect_and_parse_cards:109 - 全局只对应 1 种已知卡证类型，按单卡处理
2026-07-18 22:22:44 | INFO    | src.tasks.ocr_worker:ocr_worker_thread:314 - 任务完成: 1784384555048_v2145v5c.png (status=completed, cards=1)
2026-07-18 22:22:44 | INFO    | src.ocr.card_detector:detect_regions:69 - 卡证检测：文本框中位高度 24.0px, 聚类半径 eps=60.0px
2026-07-18 22:22:44 | INFO    | src.tasks.ocr_worker:_detect_and_parse_cards:109 - 全局只对应 1 种已知卡证类型，按单卡处理
2026-07-18 22:22:44 | INFO    | src.tasks.ocr_worker:ocr_worker_thread:314 - 任务完成: 1784384551387_g1038fw5.png (status=completed, cards=1)
2026-07-18 22:22:44 | INFO    | src.api.router:event_generator:118 - SSE 流关闭: batch=96d4b803-d3e9-468b-8efa-f1d02cf0a672 (completed)
2026-07-18 22:23:12 | INFO    | src.api.router:submit_row:57 - 任务已入队: 1784384586788_cd9guyf8.png (batch=8ebc38f5-45f8-43cf-8152-5409d71b0621, row=0, slot=0)
2026-07-18 22:23:12 | INFO    | src.api.router:submit_row:57 - 任务已入队: 1784384590805_w40uqa7o.png (batch=8ebc38f5-45f8-43cf-8152-5409d71b0621, row=0, slot=1)
2026-07-18 22:23:12 | INFO    | src.tasks.ocr_worker:ocr_worker_thread:278 - 处理任务: 1784384586788_cd9guyf8.png (batch=8ebc38f5-45f8-43cf-8152-5409d71b0621, row=0)
2026-07-18 22:23:12 | INFO    | src.tasks.ocr_worker:ocr_worker_thread:278 - 处理任务: 1784384590805_w40uqa7o.png (batch=8ebc38f5-45f8-43cf-8152-5409d71b0621, row=0)
2026-07-18 22:23:19 | INFO    | src.ocr.card_detector:detect_regions:69 - 卡证检测：文本框中位高度 39.5px, 聚类半径 eps=98.8px
2026-07-18 22:23:19 | INFO    | src.tasks.ocr_worker:_detect_and_parse_cards:109 - 全局只对应 1 种已知卡证类型，按单卡处理
2026-07-18 22:23:19 | INFO    | src.tasks.ocr_worker:ocr_worker_thread:314 - 任务完成: 1784384590805_w40uqa7o.png (status=completed, cards=1)
2026-07-18 22:23:20 | INFO    | src.ocr.card_detector:detect_regions:69 - 卡证检测：文本框中位高度 24.0px, 聚类半径 eps=60.0px
2026-07-18 22:23:20 | INFO    | src.tasks.ocr_worker:_detect_and_parse_cards:109 - 全局只对应 1 种已知卡证类型，按单卡处理
2026-07-18 22:23:20 | INFO    | src.tasks.ocr_worker:ocr_worker_thread:314 - 任务完成: 1784384586788_cd9guyf8.png (status=completed, cards=1)
2026-07-18 22:23:20 | INFO    | src.api.router:event_generator:118 - SSE 流关闭: batch=8ebc38f5-45f8-43cf-8152-5409d71b0621 (completed)
2026-07-18 22:24:42 | INFO    | src.api.router:submit_row:57 - 任务已入队: 1784384673153_n5sjxj3n.png (batch=91edf7f1-a316-4db7-bd1a-10e8374e9d1e, row=0, slot=0)
2026-07-18 22:24:42 | INFO    | src.tasks.ocr_worker:ocr_worker_thread:278 - 处理任务: 1784384673153_n5sjxj3n.png (batch=91edf7f1-a316-4db7-bd1a-10e8374e9d1e, row=0)
2026-07-18 22:24:42 | INFO    | src.api.router:submit_row:57 - 任务已入队: 1784384678545_i7pmqfgq.png (batch=91edf7f1-a316-4db7-bd1a-10e8374e9d1e, row=0, slot=1)
2026-07-18 22:24:42 | INFO    | src.tasks.ocr_worker:ocr_worker_thread:278 - 处理任务: 1784384678545_i7pmqfgq.png (batch=91edf7f1-a316-4db7-bd1a-10e8374e9d1e, row=0)
2026-07-18 22:24:51 | INFO    | src.ocr.card_detector:detect_regions:69 - 卡证检测：文本框中位高度 39.5px, 聚类半径 eps=98.8px
2026-07-18 22:24:51 | INFO    | src.tasks.ocr_worker:_detect_and_parse_cards:109 - 全局只对应 1 种已知卡证类型，按单卡处理
2026-07-18 22:24:51 | INFO    | src.tasks.ocr_worker:ocr_worker_thread:314 - 任务完成: 1784384678545_i7pmqfgq.png (status=completed, cards=1)
2026-07-18 22:24:52 | INFO    | src.ocr.card_detector:detect_regions:69 - 卡证检测：文本框中位高度 24.0px, 聚类半径 eps=60.0px
2026-07-18 22:24:52 | INFO    | src.tasks.ocr_worker:_detect_and_parse_cards:109 - 全局只对应 1 种已知卡证类型，按单卡处理
2026-07-18 22:24:52 | INFO    | src.tasks.ocr_worker:ocr_worker_thread:314 - 任务完成: 1784384673153_n5sjxj3n.png (status=completed, cards=1)
2026-07-18 22:24:52 | INFO    | src.api.router:event_generator:118 - SSE 流关闭: batch=91edf7f1-a316-4db7-bd1a-10e8374e9d1e (completed)
2026-07-18 22:26:03 | INFO    | src.api.router:submit_row:57 - 任务已入队: 1784384760316_4qo3zo8w.png (batch=920f0ffb-fc9d-4f71-9e21-8955b288883a, row=0, slot=0)
2026-07-18 22:26:03 | INFO    | src.tasks.ocr_worker:ocr_worker_thread:278 - 处理任务: 1784384760316_4qo3zo8w.png (batch=920f0ffb-fc9d-4f71-9e21-8955b288883a, row=0)
2026-07-18 22:26:08 | INFO    | src.ocr.card_detector:detect_regions:69 - 卡证检测：文本框中位高度 16.5px, 聚类半径 eps=41.2px
2026-07-18 22:26:08 | INFO    | src.tasks.ocr_worker:_detect_and_parse_cards:109 - 全局只对应 1 种已知卡证类型，按单卡处理
2026-07-18 22:26:08 | INFO    | src.tasks.ocr_worker:ocr_worker_thread:314 - 任务完成: 1784384760316_4qo3zo8w.png (status=completed, cards=1)
2026-07-18 22:26:08 | INFO    | src.api.router:event_generator:118 - SSE 流关闭: batch=920f0ffb-fc9d-4f71-9e21-8955b288883a (completed)
2026-07-18 22:26:38 | INFO    | src.api.router:submit_row:57 - 任务已入队: 1784384795632_bhko278d.png (batch=7b8ccbe4-eebc-4122-a5c4-e7dd0f2e74ec, row=0, slot=0)
2026-07-18 22:26:38 | INFO    | src.tasks.ocr_worker:ocr_worker_thread:278 - 处理任务: 1784384795632_bhko278d.png (batch=7b8ccbe4-eebc-4122-a5c4-e7dd0f2e74ec, row=0)
2026-07-18 22:26:44 | INFO    | src.ocr.card_detector:detect_regions:69 - 卡证检测：文本框中位高度 16.0px, 聚类半径 eps=40.0px
2026-07-18 22:26:44 | INFO    | src.tasks.ocr_worker:_detect_and_parse_cards:148 - 检测到 2 种已知卡证类型，逐类型合并区域二次识别
2026-07-18 22:26:52 | INFO    | src.tasks.ocr_worker:ocr_worker_thread:314 - 任务完成: 1784384795632_bhko278d.png (status=completed, cards=2)
2026-07-18 22:26:52 | INFO    | src.api.router:event_generator:118 - SSE 流关闭: batch=7b8ccbe4-eebc-4122-a5c4-e7dd0f2e74ec (completed)
2026-07-18 22:27:19 | INFO    | src.api.router:submit_row:57 - 任务已入队: 1784384837405_pors47dj.png (batch=9956ad35-47d1-4778-b3e8-12a3bda7992e, row=0, slot=0)
2026-07-18 22:27:19 | INFO    | src.tasks.ocr_worker:ocr_worker_thread:278 - 处理任务: 1784384837405_pors47dj.png (batch=9956ad35-47d1-4778-b3e8-12a3bda7992e, row=0)
2026-07-18 22:27:24 | INFO    | src.ocr.card_detector:detect_regions:69 - 卡证检测：文本框中位高度 16.5px, 聚类半径 eps=41.2px
2026-07-18 22:27:24 | INFO    | src.tasks.ocr_worker:_detect_and_parse_cards:109 - 全局只对应 1 种已知卡证类型，按单卡处理
2026-07-18 22:27:24 | INFO    | src.tasks.ocr_worker:ocr_worker_thread:314 - 任务完成: 1784384837405_pors47dj.png (status=completed, cards=1)
2026-07-18 22:27:24 | INFO    | src.api.router:event_generator:118 - SSE 流关闭: batch=9956ad35-47d1-4778-b3e8-12a3bda7992e (completed)
2026-07-18 22:27:57 | INFO    | src.api.router:submit_row:57 - 任务已入队: 1784384875979_a9a1it3g.png (batch=62f767a6-38b6-4660-83cc-d9e319a08a2c, row=0, slot=0)
2026-07-18 22:27:57 | INFO    | src.tasks.ocr_worker:ocr_worker_thread:278 - 处理任务: 1784384875979_a9a1it3g.png (batch=62f767a6-38b6-4660-83cc-d9e319a08a2c, row=0)
2026-07-18 22:28:03 | INFO    | src.ocr.card_detector:detect_regions:69 - 卡证检测：文本框中位高度 16.0px, 聚类半径 eps=40.0px
2026-07-18 22:28:03 | INFO    | src.tasks.ocr_worker:_detect_and_parse_cards:148 - 检测到 2 种已知卡证类型，逐类型合并区域二次识别
2026-07-18 22:28:11 | INFO    | src.tasks.ocr_worker:ocr_worker_thread:314 - 任务完成: 1784384875979_a9a1it3g.png (status=completed, cards=2)
2026-07-18 22:28:11 | INFO    | src.api.router:event_generator:118 - SSE 流关闭: batch=62f767a6-38b6-4660-83cc-d9e319a08a2c (completed)
